OPENMM_PLUGIN_DIR = /home/roy/mambaforge/envs/openbiosim-dev/lib/plugins

Loading configuration information from file somd.cfg

Running a somd-freenrg calculation using files /home/roy/software/deve/a3fe/runtest/t4l/bound/restrain/output/lambda_0.125/run_05/somd.prm7, /home/roy/software/deve/a3fe/runtest/t4l/bound/restrain/output/lambda_0.125/run_05/somd.rst7 and /home/roy/software/deve/a3fe/runtest/t4l/bound/restrain/output/lambda_0.125/run_05/somd.pert.
Using parameters:
===============
barostat == True
boresch restraints dictionary == {'anchor_points': {'r1': 1550, 'r2': 1530, 'r3': 1552, 'l1': 1, 'l2': 0, 'l3': 2}, 'equilibrium_values': {'r0': 7.73, 'thetaA0': 1.37, 'thetaB0': 1.5, 'phiA0': 2.5, 'phiB0': -0.51, 'phiC0': 1.38}, 'force_constants': {'kr': 3.14, 'kthetaA': 32.02, 'kthetaB': 14.6, 'kphiA': 7.76, 'kphiB': 0.27, 'kphiC': 6.49}}
buffered coordinates frequency == 5000
center solute == True
charge difference == 0
constraint == hbonds
crdfile == /home/roy/software/deve/a3fe/runtest/t4l/bound/restrain/output/lambda_0.125/run_05/somd.rst7
cutoff distance == 12 Å
cutoff type == cutoffperiodic
energy frequency == 200
hydrogen mass repartitioning factor == 3.0
integrator == langevinmiddle
inverse friction == 1 ps
lambda array == (0.0, 0.125, 0.25, 0.375, 0.5, 1.0)
lambda_val == 0.125
ligand charge == 0
minimise == True
morphfile == /home/roy/software/deve/a3fe/runtest/t4l/bound/restrain/output/lambda_0.125/run_05/somd.pert
nmoves == 50000
perturbed residue number == 1
platform == CUDA
pressure == 1.01325e-26 g Å-1 ps-2
reaction field dielectric == 78.3
temperature == 25°C
thermostat == False
timestep == 0.004 ps
topfile == /home/roy/software/deve/a3fe/runtest/t4l/bound/restrain/output/lambda_0.125/run_05/somd.prm7
turn on receptor-ligand restraints mode == True
use boresch restraints == True
===============
### Running Single Topology Molecular Dynamics Free Energy (v0.2) on batou ###
###================Setting up calculation=====================###
New run. Loading input and creating restart
lambda is 0.125
Create the System...
Selecting dummy groups
In "turn on receptor-ligand restraints mode". Lambda will be used to scale
                  the strength of protein-ligand restraints. Ensure that a dummy pert file mapping
                  the original parameters for all ligand atoms to themselves has been supplied.
Setting up Boresch restraints...
Boresch restraints dictionary = {'anchor_points': {'r1': 1550, 'r2': 1530, 'r3': 1552, 'l1': 1, 'l2': 0, 'l3': 2}, 'equilibrium_values': {'r0': 7.73, 'thetaA0': 1.37, 'thetaB0': 1.5, 'phiA0': 2.5, 'phiB0': -0.51, 'phiC0': 1.38}, 'force_constants': {'kr': 3.14, 'kthetaA': 32.02, 'kthetaB': 14.6, 'kphiA': 7.76, 'kphiB': 0.27, 'kphiC': 6.49}}
Boresch anchor points:
r1=Atom( C:1551  [  25.37,   42.04,   36.48] )
r2=Atom( CA:1531 [  24.89,   41.06,   35.40] )
r3=Atom( N:1553  [  26.66,   42.03,   36.71] )
l1=Atom( CHBR:2  [  20.86,   47.54,   33.00] )
l2=Atom( C:1     [  21.02,   46.93,   31.73] )
l3=Atom( CPOI:3  [  20.14,   46.83,   34.00] )
Applying Hydrogen Mass repartition to input using a factor of 3.0 
Creating force fields... 
Setting up moves...
Created one MD move that uses OpenMM for all molecules on GPU device 0
Saving restart
Setting up sim file. 
There are 36358 atoms in the group 
###===========================================================###

Initial energy: -113277 kcal mol-1
###=======================Minimisation========================###
Running minimization.
Tolerance for minimization: 1
Maximum number of minimization iterations: 1000
Energy after the minimization: -141248 kcal mol-1
Energy minimization done.
###===========================================================###

###====================somd-freenrg run=======================###
Starting somd-freenrg run...
50000 moves 1 cycles, 200 ps simulation time

Cycle =  1 

Backing up previous restart
Saving new restart
Simulation took 136 s 
###===========================================================###

Clearing buffers...
Starting somd-freenrg: number of threads equals 20
